Analysis & Synthesis report for lcd1602_text
Mon Jul 21 16:27:32 2025
Quartus Prime Version 24.1std.0 Build 1077 03/04/2025 SC Lite Edition


---------------------
; Table of Contents ;
---------------------
  1. Legal Notice
  2. Analysis & Synthesis Summary
  3. Analysis & Synthesis Settings
  4. Parallel Compilation
  5. Analysis & Synthesis Source Files Read
  6. Analysis & Synthesis Resource Usage Summary
  7. Analysis & Synthesis Resource Utilization by Entity
  8. State Machine - |LCD1602_controller|fsm_state
  9. Registers Removed During Synthesis
 10. General Register Statistics
 11. Multiplexer Restructuring Statistics (Restructuring Performed)
 12. Parameter Settings for User Entity Instance: Top-level Entity: |LCD1602_controller
 13. Parameter Settings for Inferred Entity Instance: lpm_divide:Mod3
 14. Parameter Settings for Inferred Entity Instance: lpm_divide:Mod2
 15. Parameter Settings for Inferred Entity Instance: lpm_divide:Div3
 16. Parameter Settings for Inferred Entity Instance: lpm_divide:Div2
 17. Parameter Settings for Inferred Entity Instance: lpm_divide:Mod1
 18. Parameter Settings for Inferred Entity Instance: lpm_divide:Mod0
 19. Parameter Settings for Inferred Entity Instance: lpm_divide:Div1
 20. Parameter Settings for Inferred Entity Instance: lpm_divide:Div0
 21. Post-Synthesis Netlist Statistics for Top Partition
 22. Elapsed Time Per Partition
 23. Analysis & Synthesis Messages



----------------
; Legal Notice ;
----------------
Copyright (C) 2025  Altera Corporation. All rights reserved.
Your use of Altera Corporation's design tools, logic functions 
and other software and tools, and any partner logic 
functions, and any output files from any of the foregoing 
(including device programming or simulation files), and any 
associated documentation or information are expressly subject 
to the terms and conditions of the Altera Program License 
Subscription Agreement, the Altera Quartus Prime License Agreement,
the Altera IP License Agreement, or other applicable license
agreement, including, without limitation, that your use is for
the sole purpose of programming logic devices manufactured by
Altera and sold by Altera or its authorized distributors.  Please
refer to the Altera Software License Subscription Agreements 
on the Quartus Prime software download page.



+--------------------------------------------------------------------------------------+
; Analysis & Synthesis Summary                                                         ;
+------------------------------------+-------------------------------------------------+
; Analysis & Synthesis Status        ; Successful - Mon Jul 21 16:27:32 2025           ;
; Quartus Prime Version              ; 24.1std.0 Build 1077 03/04/2025 SC Lite Edition ;
; Revision Name                      ; lcd1602_text                                    ;
; Top-level Entity Name              ; LCD1602_controller                              ;
; Family                             ; Cyclone IV E                                    ;
; Total logic elements               ; 477                                             ;
;     Total combinational functions  ; 475                                             ;
;     Dedicated logic registers      ; 71                                              ;
; Total registers                    ; 71                                              ;
; Total pins                         ; 30                                              ;
; Total virtual pins                 ; 0                                               ;
; Total memory bits                  ; 0                                               ;
; Embedded Multiplier 9-bit elements ; 0                                               ;
; Total PLLs                         ; 0                                               ;
+------------------------------------+-------------------------------------------------+


+------------------------------------------------------------------------------------------------------------+
; Analysis & Synthesis Settings                                                                              ;
+------------------------------------------------------------------+--------------------+--------------------+
; Option                                                           ; Setting            ; Default Value      ;
+------------------------------------------------------------------+--------------------+--------------------+
; Device                                                           ; EP4CE10E22C8       ;                    ;
; Top-level entity name                                            ; LCD1602_controller ; lcd1602_text       ;
; Family name                                                      ; Cyclone IV E       ; Cyclone V          ;
; Use smart compilation                                            ; Off                ; Off                ;
; Enable parallel Assembler and Timing Analyzer during compilation ; On                 ; On                 ;
; Enable compact report table                                      ; Off                ; Off                ;
; Restructure Multiplexers                                         ; Auto               ; Auto               ;
; Create Debugging Nodes for IP Cores                              ; Off                ; Off                ;
; Preserve fewer node names                                        ; On                 ; On                 ;
; Intel FPGA IP Evaluation Mode                                    ; Enable             ; Enable             ;
; Verilog Version                                                  ; Verilog_2001       ; Verilog_2001       ;
; VHDL Version                                                     ; VHDL_1993          ; VHDL_1993          ;
; State Machine Processing                                         ; Auto               ; Auto               ;
; Safe State Machine                                               ; Off                ; Off                ;
; Extract Verilog State Machines                                   ; On                 ; On                 ;
; Extract VHDL State Machines                                      ; On                 ; On                 ;
; Ignore Verilog initial constructs                                ; Off                ; Off                ;
; Iteration limit for constant Verilog loops                       ; 5000               ; 5000               ;
; Iteration limit for non-constant Verilog loops                   ; 250                ; 250                ;
; Add Pass-Through Logic to Inferred RAMs                          ; On                 ; On                 ;
; Infer RAMs from Raw Logic                                        ; On                 ; On                 ;
; Parallel Synthesis                                               ; On                 ; On                 ;
; DSP Block Balancing                                              ; Auto               ; Auto               ;
; NOT Gate Push-Back                                               ; On                 ; On                 ;
; Power-Up Don't Care                                              ; On                 ; On                 ;
; Remove Redundant Logic Cells                                     ; Off                ; Off                ;
; Remove Duplicate Registers                                       ; On                 ; On                 ;
; Ignore CARRY Buffers                                             ; Off                ; Off                ;
; Ignore CASCADE Buffers                                           ; Off                ; Off                ;
; Ignore GLOBAL Buffers                                            ; Off                ; Off                ;
; Ignore ROW GLOBAL Buffers                                        ; Off                ; Off                ;
; Ignore LCELL Buffers                                             ; Off                ; Off                ;
; Ignore SOFT Buffers                                              ; On                 ; On                 ;
; Limit AHDL Integers to 32 Bits                                   ; Off                ; Off                ;
; Optimization Technique                                           ; Balanced           ; Balanced           ;
; Carry Chain Length                                               ; 70                 ; 70                 ;
; Auto Carry Chains                                                ; On                 ; On                 ;
; Auto Open-Drain Pins                                             ; On                 ; On                 ;
; Perform WYSIWYG Primitive Resynthesis                            ; Off                ; Off                ;
; Auto ROM Replacement                                             ; On                 ; On                 ;
; Auto RAM Replacement                                             ; On                 ; On                 ;
; Auto DSP Block Replacement                                       ; On                 ; On                 ;
; Auto Shift Register Replacement                                  ; Auto               ; Auto               ;
; Allow Shift Register Merging across Hierarchies                  ; Auto               ; Auto               ;
; Auto Clock Enable Replacement                                    ; On                 ; On                 ;
; Strict RAM Replacement                                           ; Off                ; Off                ;
; Allow Synchronous Control Signals                                ; On                 ; On                 ;
; Force Use of Synchronous Clear Signals                           ; Off                ; Off                ;
; Auto RAM Block Balancing                                         ; On                 ; On                 ;
; Auto RAM to Logic Cell Conversion                                ; Off                ; Off                ;
; Auto Resource Sharing                                            ; Off                ; Off                ;
; Allow Any RAM Size For Recognition                               ; Off                ; Off                ;
; Allow Any ROM Size For Recognition                               ; Off                ; Off                ;
; Allow Any Shift Register Size For Recognition                    ; Off                ; Off                ;
; Use LogicLock Constraints during Resource Balancing              ; On                 ; On                 ;
; Ignore translate_off and synthesis_off directives                ; Off                ; Off                ;
; Timing-Driven Synthesis                                          ; On                 ; On                 ;
; Report Parameter Settings                                        ; On                 ; On                 ;
; Report Source Assignments                                        ; On                 ; On                 ;
; Report Connectivity Checks                                       ; On                 ; On                 ;
; Ignore Maximum Fan-Out Assignments                               ; Off                ; Off                ;
; Synchronization Register Chain Length                            ; 2                  ; 2                  ;
; Power Optimization During Synthesis                              ; Normal compilation ; Normal compilation ;
; HDL message level                                                ; Level2             ; Level2             ;
; Suppress Register Optimization Related Messages                  ; Off                ; Off                ;
; Number of Removed Registers Reported in Synthesis Report         ; 5000               ; 5000               ;
; Number of Swept Nodes Reported in Synthesis Report               ; 5000               ; 5000               ;
; Number of Inverted Registers Reported in Synthesis Report        ; 100                ; 100                ;
; Clock MUX Protection                                             ; On                 ; On                 ;
; Auto Gated Clock Conversion                                      ; Off                ; Off                ;
; Block Design Naming                                              ; Auto               ; Auto               ;
; SDC constraint protection                                        ; Off                ; Off                ;
; Synthesis Effort                                                 ; Auto               ; Auto               ;
; Shift Register Replacement - Allow Asynchronous Clear Signal     ; On                 ; On                 ;
; Pre-Mapping Resynthesis Optimization                             ; Off                ; Off                ;
; Analysis & Synthesis Message Level                               ; Medium             ; Medium             ;
; Disable Register Merging Across Hierarchies                      ; Auto               ; Auto               ;
; Resource Aware Inference For Block RAM                           ; On                 ; On                 ;
+------------------------------------------------------------------+--------------------+--------------------+


+------------------------------------------+
; Parallel Compilation                     ;
+----------------------------+-------------+
; Processors                 ; Number      ;
+----------------------------+-------------+
; Number detected on machine ; 8           ;
; Maximum allowed            ; 2           ;
;                            ;             ;
; Average used               ; 1.00        ;
; Maximum used               ; 2           ;
;                            ;             ;
; Usage by Processor         ; % Time Used ;
;     Processor 1            ; 100.0%      ;
;     Processor 2            ;   0.0%      ;
+----------------------------+-------------+


+--------------------------------------------------------------------------------------------------------------------------------------------------------------------------------------------------------+
; Analysis & Synthesis Source Files Read                                                                                                                                                                 ;
+----------------------------------+-----------------+------------------------------+----------------------------------------------------------------------------------------------------------+---------+
; File Name with User-Entered Path ; Used in Netlist ; File Type                    ; File Name with Absolute Path                                                                             ; Library ;
+----------------------------------+-----------------+------------------------------+----------------------------------------------------------------------------------------------------------+---------+
; src/lcd1602_text.v               ; yes             ; User Verilog HDL File        ; /home/rustam/github-classroom/digital-electronics-UNAL/lab04-lcd-2025-i-g6-e1/src/lcd1602_text.v         ;         ;
; src/data.txt                     ; yes             ; Auto-Found File              ; /home/rustam/github-classroom/digital-electronics-UNAL/lab04-lcd-2025-i-g6-e1/src/data.txt               ;         ;
; lpm_divide.tdf                   ; yes             ; Megafunction                 ; /home/rustam/intelFPGA_lite/24.1std/quartus/libraries/megafunctions/lpm_divide.tdf                       ;         ;
; abs_divider.inc                  ; yes             ; Megafunction                 ; /home/rustam/intelFPGA_lite/24.1std/quartus/libraries/megafunctions/abs_divider.inc                      ;         ;
; sign_div_unsign.inc              ; yes             ; Megafunction                 ; /home/rustam/intelFPGA_lite/24.1std/quartus/libraries/megafunctions/sign_div_unsign.inc                  ;         ;
; aglobal241.inc                   ; yes             ; Megafunction                 ; /home/rustam/intelFPGA_lite/24.1std/quartus/libraries/megafunctions/aglobal241.inc                       ;         ;
; db/lpm_divide_m9m.tdf            ; yes             ; Auto-Generated Megafunction  ; /home/rustam/github-classroom/digital-electronics-UNAL/lab04-lcd-2025-i-g6-e1/db/lpm_divide_m9m.tdf      ;         ;
; db/sign_div_unsign_bkh.tdf       ; yes             ; Auto-Generated Megafunction  ; /home/rustam/github-classroom/digital-electronics-UNAL/lab04-lcd-2025-i-g6-e1/db/sign_div_unsign_bkh.tdf ;         ;
; db/alt_u_div_a4f.tdf             ; yes             ; Auto-Generated Megafunction  ; /home/rustam/github-classroom/digital-electronics-UNAL/lab04-lcd-2025-i-g6-e1/db/alt_u_div_a4f.tdf       ;         ;
; db/add_sub_7pc.tdf               ; yes             ; Auto-Generated Megafunction  ; /home/rustam/github-classroom/digital-electronics-UNAL/lab04-lcd-2025-i-g6-e1/db/add_sub_7pc.tdf         ;         ;
; db/add_sub_8pc.tdf               ; yes             ; Auto-Generated Megafunction  ; /home/rustam/github-classroom/digital-electronics-UNAL/lab04-lcd-2025-i-g6-e1/db/add_sub_8pc.tdf         ;         ;
; db/lpm_divide_p9m.tdf            ; yes             ; Auto-Generated Megafunction  ; /home/rustam/github-classroom/digital-electronics-UNAL/lab04-lcd-2025-i-g6-e1/db/lpm_divide_p9m.tdf      ;         ;
; db/sign_div_unsign_ekh.tdf       ; yes             ; Auto-Generated Megafunction  ; /home/rustam/github-classroom/digital-electronics-UNAL/lab04-lcd-2025-i-g6-e1/db/sign_div_unsign_ekh.tdf ;         ;
; db/alt_u_div_g4f.tdf             ; yes             ; Auto-Generated Megafunction  ; /home/rustam/github-classroom/digital-electronics-UNAL/lab04-lcd-2025-i-g6-e1/db/alt_u_div_g4f.tdf       ;         ;
; db/lpm_divide_ihm.tdf            ; yes             ; Auto-Generated Megafunction  ; /home/rustam/github-classroom/digital-electronics-UNAL/lab04-lcd-2025-i-g6-e1/db/lpm_divide_ihm.tdf      ;         ;
; db/sign_div_unsign_akh.tdf       ; yes             ; Auto-Generated Megafunction  ; /home/rustam/github-classroom/digital-electronics-UNAL/lab04-lcd-2025-i-g6-e1/db/sign_div_unsign_akh.tdf ;         ;
; db/alt_u_div_84f.tdf             ; yes             ; Auto-Generated Megafunction  ; /home/rustam/github-classroom/digital-electronics-UNAL/lab04-lcd-2025-i-g6-e1/db/alt_u_div_84f.tdf       ;         ;
; db/lpm_divide_mhm.tdf            ; yes             ; Auto-Generated Megafunction  ; /home/rustam/github-classroom/digital-electronics-UNAL/lab04-lcd-2025-i-g6-e1/db/lpm_divide_mhm.tdf      ;         ;
+----------------------------------+-----------------+------------------------------+----------------------------------------------------------------------------------------------------------+---------+


+--------------------------------------------------------+
; Analysis & Synthesis Resource Usage Summary            ;
+---------------------------------------------+----------+
; Resource                                    ; Usage    ;
+---------------------------------------------+----------+
; Estimated Total logic elements              ; 477      ;
;                                             ;          ;
; Total combinational functions               ; 475      ;
; Logic element usage by number of LUT inputs ;          ;
;     -- 4 input functions                    ; 117      ;
;     -- 3 input functions                    ; 106      ;
;     -- <=2 input functions                  ; 252      ;
;                                             ;          ;
; Logic elements by mode                      ;          ;
;     -- normal mode                          ; 340      ;
;     -- arithmetic mode                      ; 135      ;
;                                             ;          ;
; Total registers                             ; 71       ;
;     -- Dedicated logic registers            ; 71       ;
;     -- I/O registers                        ; 0        ;
;                                             ;          ;
; I/O pins                                    ; 30       ;
;                                             ;          ;
; Embedded Multiplier 9-bit elements          ; 0        ;
;                                             ;          ;
; Maximum fan-out node                        ; clk_16ms ;
; Maximum fan-out                             ; 52       ;
; Total fan-out                               ; 1452     ;
; Average fan-out                             ; 2.40     ;
+---------------------------------------------+----------+


+------------------------------------------------------------------------------------------------------------------------------------------------------------------------------------------------------------------------------------------------------------------------------------------------------------------------------+
; Analysis & Synthesis Resource Utilization by Entity                                                                                                                                                                                                                                                                          ;
+----------------------------------------+---------------------+---------------------------+-------------+--------------+---------+-----------+------+--------------+---------------------------------------------------------------------------------------------------------------------+---------------------+--------------+
; Compilation Hierarchy Node             ; Combinational ALUTs ; Dedicated Logic Registers ; Memory Bits ; DSP Elements ; DSP 9x9 ; DSP 18x18 ; Pins ; Virtual Pins ; Full Hierarchy Name                                                                                                 ; Entity Name         ; Library Name ;
+----------------------------------------+---------------------+---------------------------+-------------+--------------+---------+-----------+------+--------------+---------------------------------------------------------------------------------------------------------------------+---------------------+--------------+
; |LCD1602_controller                    ; 475 (159)           ; 71 (71)                   ; 0           ; 0            ; 0       ; 0         ; 30   ; 0            ; |LCD1602_controller                                                                                                 ; LCD1602_controller  ; work         ;
;    |lpm_divide:Div0|                   ; 18 (0)              ; 0 (0)                     ; 0           ; 0            ; 0       ; 0         ; 0    ; 0            ; |LCD1602_controller|lpm_divide:Div0                                                                                 ; lpm_divide          ; work         ;
;       |lpm_divide_mhm:auto_generated|  ; 18 (0)              ; 0 (0)                     ; 0           ; 0            ; 0       ; 0         ; 0    ; 0            ; |LCD1602_controller|lpm_divide:Div0|lpm_divide_mhm:auto_generated                                                   ; lpm_divide_mhm      ; work         ;
;          |sign_div_unsign_ekh:divider| ; 18 (0)              ; 0 (0)                     ; 0           ; 0            ; 0       ; 0         ; 0    ; 0            ; |LCD1602_controller|lpm_divide:Div0|lpm_divide_mhm:auto_generated|sign_div_unsign_ekh:divider                       ; sign_div_unsign_ekh ; work         ;
;             |alt_u_div_g4f:divider|    ; 18 (18)             ; 0 (0)                     ; 0           ; 0            ; 0       ; 0         ; 0    ; 0            ; |LCD1602_controller|lpm_divide:Div0|lpm_divide_mhm:auto_generated|sign_div_unsign_ekh:divider|alt_u_div_g4f:divider ; alt_u_div_g4f       ; work         ;
;    |lpm_divide:Div1|                   ; 41 (0)              ; 0 (0)                     ; 0           ; 0            ; 0       ; 0         ; 0    ; 0            ; |LCD1602_controller|lpm_divide:Div1                                                                                 ; lpm_divide          ; work         ;
;       |lpm_divide_ihm:auto_generated|  ; 41 (0)              ; 0 (0)                     ; 0           ; 0            ; 0       ; 0         ; 0    ; 0            ; |LCD1602_controller|lpm_divide:Div1|lpm_divide_ihm:auto_generated                                                   ; lpm_divide_ihm      ; work         ;
;          |sign_div_unsign_akh:divider| ; 41 (0)              ; 0 (0)                     ; 0           ; 0            ; 0       ; 0         ; 0    ; 0            ; |LCD1602_controller|lpm_divide:Div1|lpm_divide_ihm:auto_generated|sign_div_unsign_akh:divider                       ; sign_div_unsign_akh ; work         ;
;             |alt_u_div_84f:divider|    ; 41 (41)             ; 0 (0)                     ; 0           ; 0            ; 0       ; 0         ; 0    ; 0            ; |LCD1602_controller|lpm_divide:Div1|lpm_divide_ihm:auto_generated|sign_div_unsign_akh:divider|alt_u_div_84f:divider ; alt_u_div_84f       ; work         ;
;    |lpm_divide:Div2|                   ; 18 (0)              ; 0 (0)                     ; 0           ; 0            ; 0       ; 0         ; 0    ; 0            ; |LCD1602_controller|lpm_divide:Div2                                                                                 ; lpm_divide          ; work         ;
;       |lpm_divide_mhm:auto_generated|  ; 18 (0)              ; 0 (0)                     ; 0           ; 0            ; 0       ; 0         ; 0    ; 0            ; |LCD1602_controller|lpm_divide:Div2|lpm_divide_mhm:auto_generated                                                   ; lpm_divide_mhm      ; work         ;
;          |sign_div_unsign_ekh:divider| ; 18 (0)              ; 0 (0)                     ; 0           ; 0            ; 0       ; 0         ; 0    ; 0            ; |LCD1602_controller|lpm_divide:Div2|lpm_divide_mhm:auto_generated|sign_div_unsign_ekh:divider                       ; sign_div_unsign_ekh ; work         ;
;             |alt_u_div_g4f:divider|    ; 18 (18)             ; 0 (0)                     ; 0           ; 0            ; 0       ; 0         ; 0    ; 0            ; |LCD1602_controller|lpm_divide:Div2|lpm_divide_mhm:auto_generated|sign_div_unsign_ekh:divider|alt_u_div_g4f:divider ; alt_u_div_g4f       ; work         ;
;    |lpm_divide:Div3|                   ; 41 (0)              ; 0 (0)                     ; 0           ; 0            ; 0       ; 0         ; 0    ; 0            ; |LCD1602_controller|lpm_divide:Div3                                                                                 ; lpm_divide          ; work         ;
;       |lpm_divide_ihm:auto_generated|  ; 41 (0)              ; 0 (0)                     ; 0           ; 0            ; 0       ; 0         ; 0    ; 0            ; |LCD1602_controller|lpm_divide:Div3|lpm_divide_ihm:auto_generated                                                   ; lpm_divide_ihm      ; work         ;
;          |sign_div_unsign_akh:divider| ; 41 (0)              ; 0 (0)                     ; 0           ; 0            ; 0       ; 0         ; 0    ; 0            ; |LCD1602_controller|lpm_divide:Div3|lpm_divide_ihm:auto_generated|sign_div_unsign_akh:divider                       ; sign_div_unsign_akh ; work         ;
;             |alt_u_div_84f:divider|    ; 41 (41)             ; 0 (0)                     ; 0           ; 0            ; 0       ; 0         ; 0    ; 0            ; |LCD1602_controller|lpm_divide:Div3|lpm_divide_ihm:auto_generated|sign_div_unsign_akh:divider|alt_u_div_84f:divider ; alt_u_div_84f       ; work         ;
;    |lpm_divide:Mod0|                   ; 40 (0)              ; 0 (0)                     ; 0           ; 0            ; 0       ; 0         ; 0    ; 0            ; |LCD1602_controller|lpm_divide:Mod0                                                                                 ; lpm_divide          ; work         ;
;       |lpm_divide_p9m:auto_generated|  ; 40 (0)              ; 0 (0)                     ; 0           ; 0            ; 0       ; 0         ; 0    ; 0            ; |LCD1602_controller|lpm_divide:Mod0|lpm_divide_p9m:auto_generated                                                   ; lpm_divide_p9m      ; work         ;
;          |sign_div_unsign_ekh:divider| ; 40 (0)              ; 0 (0)                     ; 0           ; 0            ; 0       ; 0         ; 0    ; 0            ; |LCD1602_controller|lpm_divide:Mod0|lpm_divide_p9m:auto_generated|sign_div_unsign_ekh:divider                       ; sign_div_unsign_ekh ; work         ;
;             |alt_u_div_g4f:divider|    ; 40 (40)             ; 0 (0)                     ; 0           ; 0            ; 0       ; 0         ; 0    ; 0            ; |LCD1602_controller|lpm_divide:Mod0|lpm_divide_p9m:auto_generated|sign_div_unsign_ekh:divider|alt_u_div_g4f:divider ; alt_u_div_g4f       ; work         ;
;    |lpm_divide:Mod1|                   ; 59 (0)              ; 0 (0)                     ; 0           ; 0            ; 0       ; 0         ; 0    ; 0            ; |LCD1602_controller|lpm_divide:Mod1                                                                                 ; lpm_divide          ; work         ;
;       |lpm_divide_m9m:auto_generated|  ; 59 (0)              ; 0 (0)                     ; 0           ; 0            ; 0       ; 0         ; 0    ; 0            ; |LCD1602_controller|lpm_divide:Mod1|lpm_divide_m9m:auto_generated                                                   ; lpm_divide_m9m      ; work         ;
;          |sign_div_unsign_bkh:divider| ; 59 (0)              ; 0 (0)                     ; 0           ; 0            ; 0       ; 0         ; 0    ; 0            ; |LCD1602_controller|lpm_divide:Mod1|lpm_divide_m9m:auto_generated|sign_div_unsign_bkh:divider                       ; sign_div_unsign_bkh ; work         ;
;             |alt_u_div_a4f:divider|    ; 59 (59)             ; 0 (0)                     ; 0           ; 0            ; 0       ; 0         ; 0    ; 0            ; |LCD1602_controller|lpm_divide:Mod1|lpm_divide_m9m:auto_generated|sign_div_unsign_bkh:divider|alt_u_div_a4f:divider ; alt_u_div_a4f       ; work         ;
;    |lpm_divide:Mod2|                   ; 40 (0)              ; 0 (0)                     ; 0           ; 0            ; 0       ; 0         ; 0    ; 0            ; |LCD1602_controller|lpm_divide:Mod2                                                                                 ; lpm_divide          ; work         ;
;       |lpm_divide_p9m:auto_generated|  ; 40 (0)              ; 0 (0)                     ; 0           ; 0            ; 0       ; 0         ; 0    ; 0            ; |LCD1602_controller|lpm_divide:Mod2|lpm_divide_p9m:auto_generated                                                   ; lpm_divide_p9m      ; work         ;
;          |sign_div_unsign_ekh:divider| ; 40 (0)              ; 0 (0)                     ; 0           ; 0            ; 0       ; 0         ; 0    ; 0            ; |LCD1602_controller|lpm_divide:Mod2|lpm_divide_p9m:auto_generated|sign_div_unsign_ekh:divider                       ; sign_div_unsign_ekh ; work         ;
;             |alt_u_div_g4f:divider|    ; 40 (40)             ; 0 (0)                     ; 0           ; 0            ; 0       ; 0         ; 0    ; 0            ; |LCD1602_controller|lpm_divide:Mod2|lpm_divide_p9m:auto_generated|sign_div_unsign_ekh:divider|alt_u_div_g4f:divider ; alt_u_div_g4f       ; work         ;
;    |lpm_divide:Mod3|                   ; 59 (0)              ; 0 (0)                     ; 0           ; 0            ; 0       ; 0         ; 0    ; 0            ; |LCD1602_controller|lpm_divide:Mod3                                                                                 ; lpm_divide          ; work         ;
;       |lpm_divide_m9m:auto_generated|  ; 59 (0)              ; 0 (0)                     ; 0           ; 0            ; 0       ; 0         ; 0    ; 0            ; |LCD1602_controller|lpm_divide:Mod3|lpm_divide_m9m:auto_generated                                                   ; lpm_divide_m9m      ; work         ;
;          |sign_div_unsign_bkh:divider| ; 59 (0)              ; 0 (0)                     ; 0           ; 0            ; 0       ; 0         ; 0    ; 0            ; |LCD1602_controller|lpm_divide:Mod3|lpm_divide_m9m:auto_generated|sign_div_unsign_bkh:divider                       ; sign_div_unsign_bkh ; work         ;
;             |alt_u_div_a4f:divider|    ; 59 (59)             ; 0 (0)                     ; 0           ; 0            ; 0       ; 0         ; 0    ; 0            ; |LCD1602_controller|lpm_divide:Mod3|lpm_divide_m9m:auto_generated|sign_div_unsign_bkh:divider|alt_u_div_a4f:divider ; alt_u_div_a4f       ; work         ;
+----------------------------------------+---------------------+---------------------------+-------------+--------------+---------+-----------+------+--------------+---------------------------------------------------------------------------------------------------------------------+---------------------+--------------+
Note: For table entries with two numbers listed, the numbers in parentheses indicate the number of resources of the given type used by the specific entity alone. The numbers listed outside of parentheses indicate the total resources of the given type used by the specific entity and all of its sub-entities in the hierarchy.


Encoding Type:  One-Hot
+----------------------------------------------------------------------------------------------------------------------------------------------------------------------------------------------------------------------------------------------------------------------------------------------------------------------------------------------------------------+
; State Machine - |LCD1602_controller|fsm_state                                                                                                                                                                                                                                                                                                                  ;
+-----------------------------+----------------------+----------------------+-----------------------+--------------------------+-----------------------+-----------------------+------------------------+---------------------------+-----------------------------+-----------------------+-----------------------------+-----------------------+----------------+
; Name                        ; fsm_state.WR_HUM_UNI ; fsm_state.WR_HUM_DEC ; fsm_state.WR_HUM_CENT ; fsm_state.SET_CURSOR_HUM ; fsm_state.WR_TEMP_UNI ; fsm_state.WR_TEMP_DEC ; fsm_state.WR_TEMP_CENT ; fsm_state.SET_CURSOR_TEMP ; fsm_state.WR_STATIC_TEXT_2L ; fsm_state.CONFIG_CMD2 ; fsm_state.WR_STATIC_TEXT_1L ; fsm_state.CONFIG_CMD1 ; fsm_state.IDLE ;
+-----------------------------+----------------------+----------------------+-----------------------+--------------------------+-----------------------+-----------------------+------------------------+---------------------------+-----------------------------+-----------------------+-----------------------------+-----------------------+----------------+
; fsm_state.IDLE              ; 0                    ; 0                    ; 0                     ; 0                        ; 0                     ; 0                     ; 0                      ; 0                         ; 0                           ; 0                     ; 0                           ; 0                     ; 0              ;
; fsm_state.CONFIG_CMD1       ; 0                    ; 0                    ; 0                     ; 0                        ; 0                     ; 0                     ; 0                      ; 0                         ; 0                           ; 0                     ; 0                           ; 1                     ; 1              ;
; fsm_state.WR_STATIC_TEXT_1L ; 0                    ; 0                    ; 0                     ; 0                        ; 0                     ; 0                     ; 0                      ; 0                         ; 0                           ; 0                     ; 1                           ; 0                     ; 1              ;
; fsm_state.CONFIG_CMD2       ; 0                    ; 0                    ; 0                     ; 0                        ; 0                     ; 0                     ; 0                      ; 0                         ; 0                           ; 1                     ; 0                           ; 0                     ; 1              ;
; fsm_state.WR_STATIC_TEXT_2L ; 0                    ; 0                    ; 0                     ; 0                        ; 0                     ; 0                     ; 0                      ; 0                         ; 1                           ; 0                     ; 0                           ; 0                     ; 1              ;
; fsm_state.SET_CURSOR_TEMP   ; 0                    ; 0                    ; 0                     ; 0                        ; 0                     ; 0                     ; 0                      ; 1                         ; 0                           ; 0                     ; 0                           ; 0                     ; 1              ;
; fsm_state.WR_TEMP_CENT      ; 0                    ; 0                    ; 0                     ; 0                        ; 0                     ; 0                     ; 1                      ; 0                         ; 0                           ; 0                     ; 0                           ; 0                     ; 1              ;
; fsm_state.WR_TEMP_DEC       ; 0                    ; 0                    ; 0                     ; 0                        ; 0                     ; 1                     ; 0                      ; 0                         ; 0                           ; 0                     ; 0                           ; 0                     ; 1              ;
; fsm_state.WR_TEMP_UNI       ; 0                    ; 0                    ; 0                     ; 0                        ; 1                     ; 0                     ; 0                      ; 0                         ; 0                           ; 0                     ; 0                           ; 0                     ; 1              ;
; fsm_state.SET_CURSOR_HUM    ; 0                    ; 0                    ; 0                     ; 1                        ; 0                     ; 0                     ; 0                      ; 0                         ; 0                           ; 0                     ; 0                           ; 0                     ; 1              ;
; fsm_state.WR_HUM_CENT       ; 0                    ; 0                    ; 1                     ; 0                        ; 0                     ; 0                     ; 0                      ; 0                         ; 0                           ; 0                     ; 0                           ; 0                     ; 1              ;
; fsm_state.WR_HUM_DEC        ; 0                    ; 1                    ; 0                     ; 0                        ; 0                     ; 0                     ; 0                      ; 0                         ; 0                           ; 0                     ; 0                           ; 0                     ; 1              ;
; fsm_state.WR_HUM_UNI        ; 1                    ; 0                    ; 0                     ; 0                        ; 0                     ; 0                     ; 0                      ; 0                         ; 0                           ; 0                     ; 0                           ; 0                     ; 1              ;
+-----------------------------+----------------------+----------------------+-----------------------+--------------------------+-----------------------+-----------------------+------------------------+---------------------------+-----------------------------+-----------------------+-----------------------------+-----------------------+----------------+


+----------------------------------------------------------------------------------+
; Registers Removed During Synthesis                                               ;
+-----------------------------------------+----------------------------------------+
; Register name                           ; Reason for Removal                     ;
+-----------------------------------------+----------------------------------------+
; static_data_mem[30][0]                  ; Stuck at GND due to stuck port data_in ;
; static_data_mem[31][7]                  ; Stuck at GND due to stuck port data_in ;
; static_data_mem[31][6]                  ; Stuck at GND due to stuck port data_in ;
; static_data_mem[31][5]                  ; Stuck at GND due to stuck port data_in ;
; static_data_mem[31][4]                  ; Stuck at GND due to stuck port data_in ;
; static_data_mem[31][3]                  ; Stuck at GND due to stuck port data_in ;
; static_data_mem[31][2]                  ; Stuck at GND due to stuck port data_in ;
; static_data_mem[31][1]                  ; Stuck at GND due to stuck port data_in ;
; static_data_mem[31][0]                  ; Stuck at GND due to stuck port data_in ;
; static_data_mem[30][1]                  ; Stuck at GND due to stuck port data_in ;
; static_data_mem[30][2]                  ; Stuck at GND due to stuck port data_in ;
; static_data_mem[30][3]                  ; Stuck at GND due to stuck port data_in ;
; static_data_mem[30][4]                  ; Stuck at GND due to stuck port data_in ;
; static_data_mem[30][5]                  ; Stuck at GND due to stuck port data_in ;
; static_data_mem[30][6]                  ; Stuck at GND due to stuck port data_in ;
; static_data_mem[30][7]                  ; Stuck at GND due to stuck port data_in ;
; static_data_mem[29][0]                  ; Stuck at VCC due to stuck port data_in ;
; static_data_mem[29][1]                  ; Stuck at GND due to stuck port data_in ;
; static_data_mem[29][2]                  ; Stuck at VCC due to stuck port data_in ;
; static_data_mem[29][3]                  ; Stuck at GND due to stuck port data_in ;
; static_data_mem[29][4]                  ; Stuck at GND due to stuck port data_in ;
; static_data_mem[29][5]                  ; Stuck at VCC due to stuck port data_in ;
; static_data_mem[29][6]                  ; Stuck at GND due to stuck port data_in ;
; static_data_mem[29][7]                  ; Stuck at GND due to stuck port data_in ;
; static_data_mem[28][0]                  ; Stuck at GND due to stuck port data_in ;
; static_data_mem[28][1]                  ; Stuck at GND due to stuck port data_in ;
; static_data_mem[28][2]                  ; Stuck at GND due to stuck port data_in ;
; static_data_mem[28][3]                  ; Stuck at GND due to stuck port data_in ;
; static_data_mem[28][4]                  ; Stuck at GND due to stuck port data_in ;
; static_data_mem[28][5]                  ; Stuck at VCC due to stuck port data_in ;
; static_data_mem[28][6]                  ; Stuck at GND due to stuck port data_in ;
; static_data_mem[28][7]                  ; Stuck at GND due to stuck port data_in ;
; static_data_mem[27][0]                  ; Stuck at GND due to stuck port data_in ;
; static_data_mem[27][1]                  ; Stuck at GND due to stuck port data_in ;
; static_data_mem[27][2]                  ; Stuck at GND due to stuck port data_in ;
; static_data_mem[27][3]                  ; Stuck at GND due to stuck port data_in ;
; static_data_mem[27][4]                  ; Stuck at GND due to stuck port data_in ;
; static_data_mem[27][5]                  ; Stuck at VCC due to stuck port data_in ;
; static_data_mem[27][6]                  ; Stuck at GND due to stuck port data_in ;
; static_data_mem[27][7]                  ; Stuck at GND due to stuck port data_in ;
; static_data_mem[26][0]                  ; Stuck at GND due to stuck port data_in ;
; static_data_mem[26][1]                  ; Stuck at GND due to stuck port data_in ;
; static_data_mem[26][2]                  ; Stuck at GND due to stuck port data_in ;
; static_data_mem[26][3]                  ; Stuck at GND due to stuck port data_in ;
; static_data_mem[26][4]                  ; Stuck at GND due to stuck port data_in ;
; static_data_mem[26][5]                  ; Stuck at VCC due to stuck port data_in ;
; static_data_mem[26][6]                  ; Stuck at GND due to stuck port data_in ;
; static_data_mem[26][7]                  ; Stuck at GND due to stuck port data_in ;
; static_data_mem[25][0]                  ; Stuck at GND due to stuck port data_in ;
; static_data_mem[25][1]                  ; Stuck at GND due to stuck port data_in ;
; static_data_mem[25][2]                  ; Stuck at GND due to stuck port data_in ;
; static_data_mem[25][3]                  ; Stuck at GND due to stuck port data_in ;
; static_data_mem[25][4]                  ; Stuck at GND due to stuck port data_in ;
; static_data_mem[25][5]                  ; Stuck at VCC due to stuck port data_in ;
; static_data_mem[25][6]                  ; Stuck at GND due to stuck port data_in ;
; static_data_mem[25][7]                  ; Stuck at GND due to stuck port data_in ;
; static_data_mem[24][0]                  ; Stuck at GND due to stuck port data_in ;
; static_data_mem[24][1]                  ; Stuck at GND due to stuck port data_in ;
; static_data_mem[24][2]                  ; Stuck at GND due to stuck port data_in ;
; static_data_mem[24][3]                  ; Stuck at GND due to stuck port data_in ;
; static_data_mem[24][4]                  ; Stuck at GND due to stuck port data_in ;
; static_data_mem[24][5]                  ; Stuck at VCC due to stuck port data_in ;
; static_data_mem[24][6]                  ; Stuck at GND due to stuck port data_in ;
; static_data_mem[24][7]                  ; Stuck at GND due to stuck port data_in ;
; static_data_mem[23][0]                  ; Stuck at GND due to stuck port data_in ;
; static_data_mem[23][1]                  ; Stuck at VCC due to stuck port data_in ;
; static_data_mem[23][2]                  ; Stuck at GND due to stuck port data_in ;
; static_data_mem[23][3]                  ; Stuck at VCC due to stuck port data_in ;
; static_data_mem[23][4]                  ; Stuck at VCC due to stuck port data_in ;
; static_data_mem[23][5]                  ; Stuck at VCC due to stuck port data_in ;
; static_data_mem[23][6]                  ; Stuck at GND due to stuck port data_in ;
; static_data_mem[23][7]                  ; Stuck at GND due to stuck port data_in ;
; static_data_mem[22][0]                  ; Stuck at GND due to stuck port data_in ;
; static_data_mem[22][1]                  ; Stuck at GND due to stuck port data_in ;
; static_data_mem[22][2]                  ; Stuck at VCC due to stuck port data_in ;
; static_data_mem[22][3]                  ; Stuck at GND due to stuck port data_in ;
; static_data_mem[22][4]                  ; Stuck at GND due to stuck port data_in ;
; static_data_mem[22][5]                  ; Stuck at VCC due to stuck port data_in ;
; static_data_mem[22][6]                  ; Stuck at VCC due to stuck port data_in ;
; static_data_mem[22][7]                  ; Stuck at GND due to stuck port data_in ;
; static_data_mem[21][0]                  ; Stuck at VCC due to stuck port data_in ;
; static_data_mem[21][1]                  ; Stuck at GND due to stuck port data_in ;
; static_data_mem[21][2]                  ; Stuck at GND due to stuck port data_in ;
; static_data_mem[21][3]                  ; Stuck at GND due to stuck port data_in ;
; static_data_mem[21][4]                  ; Stuck at GND due to stuck port data_in ;
; static_data_mem[21][5]                  ; Stuck at VCC due to stuck port data_in ;
; static_data_mem[21][6]                  ; Stuck at VCC due to stuck port data_in ;
; static_data_mem[21][7]                  ; Stuck at GND due to stuck port data_in ;
; static_data_mem[20][0]                  ; Stuck at GND due to stuck port data_in ;
; static_data_mem[20][1]                  ; Stuck at GND due to stuck port data_in ;
; static_data_mem[20][2]                  ; Stuck at VCC due to stuck port data_in ;
; static_data_mem[20][3]                  ; Stuck at GND due to stuck port data_in ;
; static_data_mem[20][4]                  ; Stuck at GND due to stuck port data_in ;
; static_data_mem[20][5]                  ; Stuck at VCC due to stuck port data_in ;
; static_data_mem[20][6]                  ; Stuck at VCC due to stuck port data_in ;
; static_data_mem[20][7]                  ; Stuck at GND due to stuck port data_in ;
; static_data_mem[19][0]                  ; Stuck at VCC due to stuck port data_in ;
; static_data_mem[19][1]                  ; Stuck at GND due to stuck port data_in ;
; static_data_mem[19][2]                  ; Stuck at VCC due to stuck port data_in ;
; static_data_mem[19][3]                  ; Stuck at GND due to stuck port data_in ;
; static_data_mem[19][4]                  ; Stuck at GND due to stuck port data_in ;
; static_data_mem[19][5]                  ; Stuck at VCC due to stuck port data_in ;
; static_data_mem[19][6]                  ; Stuck at VCC due to stuck port data_in ;
; static_data_mem[19][7]                  ; Stuck at GND due to stuck port data_in ;
; static_data_mem[18][0]                  ; Stuck at VCC due to stuck port data_in ;
; static_data_mem[18][1]                  ; Stuck at GND due to stuck port data_in ;
; static_data_mem[18][2]                  ; Stuck at VCC due to stuck port data_in ;
; static_data_mem[18][3]                  ; Stuck at VCC due to stuck port data_in ;
; static_data_mem[18][4]                  ; Stuck at GND due to stuck port data_in ;
; static_data_mem[18][5]                  ; Stuck at VCC due to stuck port data_in ;
; static_data_mem[18][6]                  ; Stuck at VCC due to stuck port data_in ;
; static_data_mem[18][7]                  ; Stuck at GND due to stuck port data_in ;
; static_data_mem[17][0]                  ; Stuck at VCC due to stuck port data_in ;
; static_data_mem[17][1]                  ; Stuck at GND due to stuck port data_in ;
; static_data_mem[17][2]                  ; Stuck at VCC due to stuck port data_in ;
; static_data_mem[17][3]                  ; Stuck at GND due to stuck port data_in ;
; static_data_mem[17][4]                  ; Stuck at VCC due to stuck port data_in ;
; static_data_mem[17][5]                  ; Stuck at VCC due to stuck port data_in ;
; static_data_mem[17][6]                  ; Stuck at VCC due to stuck port data_in ;
; static_data_mem[17][7]                  ; Stuck at GND due to stuck port data_in ;
; static_data_mem[16][0]                  ; Stuck at GND due to stuck port data_in ;
; static_data_mem[16][1]                  ; Stuck at GND due to stuck port data_in ;
; static_data_mem[16][2]                  ; Stuck at GND due to stuck port data_in ;
; static_data_mem[16][3]                  ; Stuck at VCC due to stuck port data_in ;
; static_data_mem[16][4]                  ; Stuck at GND due to stuck port data_in ;
; static_data_mem[16][5]                  ; Stuck at GND due to stuck port data_in ;
; static_data_mem[16][6]                  ; Stuck at VCC due to stuck port data_in ;
; static_data_mem[16][7]                  ; Stuck at GND due to stuck port data_in ;
; static_data_mem[15][0]                  ; Stuck at GND due to stuck port data_in ;
; static_data_mem[15][1]                  ; Stuck at GND due to stuck port data_in ;
; static_data_mem[15][2]                  ; Stuck at GND due to stuck port data_in ;
; static_data_mem[15][3]                  ; Stuck at GND due to stuck port data_in ;
; static_data_mem[15][4]                  ; Stuck at GND due to stuck port data_in ;
; static_data_mem[15][5]                  ; Stuck at GND due to stuck port data_in ;
; static_data_mem[15][6]                  ; Stuck at GND due to stuck port data_in ;
; static_data_mem[15][7]                  ; Stuck at GND due to stuck port data_in ;
; static_data_mem[14][0]                  ; Stuck at GND due to stuck port data_in ;
; static_data_mem[14][1]                  ; Stuck at GND due to stuck port data_in ;
; static_data_mem[14][2]                  ; Stuck at GND due to stuck port data_in ;
; static_data_mem[14][3]                  ; Stuck at GND due to stuck port data_in ;
; static_data_mem[14][4]                  ; Stuck at GND due to stuck port data_in ;
; static_data_mem[14][5]                  ; Stuck at GND due to stuck port data_in ;
; static_data_mem[14][6]                  ; Stuck at GND due to stuck port data_in ;
; static_data_mem[14][7]                  ; Stuck at GND due to stuck port data_in ;
; static_data_mem[13][0]                  ; Stuck at GND due to stuck port data_in ;
; static_data_mem[13][1]                  ; Stuck at GND due to stuck port data_in ;
; static_data_mem[13][2]                  ; Stuck at GND due to stuck port data_in ;
; static_data_mem[13][3]                  ; Stuck at GND due to stuck port data_in ;
; static_data_mem[13][4]                  ; Stuck at GND due to stuck port data_in ;
; static_data_mem[13][5]                  ; Stuck at GND due to stuck port data_in ;
; static_data_mem[13][6]                  ; Stuck at GND due to stuck port data_in ;
; static_data_mem[13][7]                  ; Stuck at GND due to stuck port data_in ;
; static_data_mem[12][0]                  ; Stuck at GND due to stuck port data_in ;
; static_data_mem[12][1]                  ; Stuck at GND due to stuck port data_in ;
; static_data_mem[12][2]                  ; Stuck at GND due to stuck port data_in ;
; static_data_mem[12][3]                  ; Stuck at GND due to stuck port data_in ;
; static_data_mem[12][4]                  ; Stuck at GND due to stuck port data_in ;
; static_data_mem[12][5]                  ; Stuck at GND due to stuck port data_in ;
; static_data_mem[12][6]                  ; Stuck at GND due to stuck port data_in ;
; static_data_mem[12][7]                  ; Stuck at GND due to stuck port data_in ;
; static_data_mem[11][0]                  ; Stuck at GND due to stuck port data_in ;
; static_data_mem[11][1]                  ; Stuck at GND due to stuck port data_in ;
; static_data_mem[11][2]                  ; Stuck at GND due to stuck port data_in ;
; static_data_mem[11][3]                  ; Stuck at GND due to stuck port data_in ;
; static_data_mem[11][4]                  ; Stuck at GND due to stuck port data_in ;
; static_data_mem[11][5]                  ; Stuck at GND due to stuck port data_in ;
; static_data_mem[11][6]                  ; Stuck at GND due to stuck port data_in ;
; static_data_mem[11][7]                  ; Stuck at GND due to stuck port data_in ;
; static_data_mem[10][0]                  ; Stuck at VCC due to stuck port data_in ;
; static_data_mem[10][1]                  ; Stuck at VCC due to stuck port data_in ;
; static_data_mem[10][2]                  ; Stuck at GND due to stuck port data_in ;
; static_data_mem[10][3]                  ; Stuck at GND due to stuck port data_in ;
; static_data_mem[10][4]                  ; Stuck at GND due to stuck port data_in ;
; static_data_mem[10][5]                  ; Stuck at GND due to stuck port data_in ;
; static_data_mem[10][6]                  ; Stuck at VCC due to stuck port data_in ;
; static_data_mem[10][7]                  ; Stuck at GND due to stuck port data_in ;
; static_data_mem[9][0]                   ; Stuck at GND due to stuck port data_in ;
; static_data_mem[9][1]                   ; Stuck at GND due to stuck port data_in ;
; static_data_mem[9][2]                   ; Stuck at GND due to stuck port data_in ;
; static_data_mem[9][3]                   ; Stuck at GND due to stuck port data_in ;
; static_data_mem[9][4]                   ; Stuck at GND due to stuck port data_in ;
; static_data_mem[9][5]                   ; Stuck at VCC due to stuck port data_in ;
; static_data_mem[9][6]                   ; Stuck at GND due to stuck port data_in ;
; static_data_mem[9][7]                   ; Stuck at GND due to stuck port data_in ;
; static_data_mem[8][0]                   ; Stuck at GND due to stuck port data_in ;
; static_data_mem[8][1]                   ; Stuck at GND due to stuck port data_in ;
; static_data_mem[8][2]                   ; Stuck at GND due to stuck port data_in ;
; static_data_mem[8][3]                   ; Stuck at GND due to stuck port data_in ;
; static_data_mem[8][4]                   ; Stuck at GND due to stuck port data_in ;
; static_data_mem[8][5]                   ; Stuck at VCC due to stuck port data_in ;
; static_data_mem[8][6]                   ; Stuck at GND due to stuck port data_in ;
; static_data_mem[8][7]                   ; Stuck at GND due to stuck port data_in ;
; static_data_mem[7][0]                   ; Stuck at GND due to stuck port data_in ;
; static_data_mem[7][1]                   ; Stuck at GND due to stuck port data_in ;
; static_data_mem[7][2]                   ; Stuck at GND due to stuck port data_in ;
; static_data_mem[7][3]                   ; Stuck at GND due to stuck port data_in ;
; static_data_mem[7][4]                   ; Stuck at GND due to stuck port data_in ;
; static_data_mem[7][5]                   ; Stuck at VCC due to stuck port data_in ;
; static_data_mem[7][6]                   ; Stuck at GND due to stuck port data_in ;
; static_data_mem[7][7]                   ; Stuck at GND due to stuck port data_in ;
; static_data_mem[6][0]                   ; Stuck at GND due to stuck port data_in ;
; static_data_mem[6][1]                   ; Stuck at GND due to stuck port data_in ;
; static_data_mem[6][2]                   ; Stuck at GND due to stuck port data_in ;
; static_data_mem[6][3]                   ; Stuck at GND due to stuck port data_in ;
; static_data_mem[6][4]                   ; Stuck at GND due to stuck port data_in ;
; static_data_mem[6][5]                   ; Stuck at VCC due to stuck port data_in ;
; static_data_mem[6][6]                   ; Stuck at GND due to stuck port data_in ;
; static_data_mem[6][7]                   ; Stuck at GND due to stuck port data_in ;
; static_data_mem[5][0]                   ; Stuck at GND due to stuck port data_in ;
; static_data_mem[5][1]                   ; Stuck at GND due to stuck port data_in ;
; static_data_mem[5][2]                   ; Stuck at GND due to stuck port data_in ;
; static_data_mem[5][3]                   ; Stuck at GND due to stuck port data_in ;
; static_data_mem[5][4]                   ; Stuck at GND due to stuck port data_in ;
; static_data_mem[5][5]                   ; Stuck at VCC due to stuck port data_in ;
; static_data_mem[5][6]                   ; Stuck at GND due to stuck port data_in ;
; static_data_mem[5][7]                   ; Stuck at GND due to stuck port data_in ;
; static_data_mem[4][0]                   ; Stuck at GND due to stuck port data_in ;
; static_data_mem[4][1]                   ; Stuck at VCC due to stuck port data_in ;
; static_data_mem[4][2]                   ; Stuck at GND due to stuck port data_in ;
; static_data_mem[4][3]                   ; Stuck at VCC due to stuck port data_in ;
; static_data_mem[4][4]                   ; Stuck at VCC due to stuck port data_in ;
; static_data_mem[4][5]                   ; Stuck at VCC due to stuck port data_in ;
; static_data_mem[4][6]                   ; Stuck at GND due to stuck port data_in ;
; static_data_mem[4][7]                   ; Stuck at GND due to stuck port data_in ;
; static_data_mem[3][0]                   ; Stuck at GND due to stuck port data_in ;
; static_data_mem[3][1]                   ; Stuck at GND due to stuck port data_in ;
; static_data_mem[3][2]                   ; Stuck at GND due to stuck port data_in ;
; static_data_mem[3][3]                   ; Stuck at GND due to stuck port data_in ;
; static_data_mem[3][4]                   ; Stuck at VCC due to stuck port data_in ;
; static_data_mem[3][5]                   ; Stuck at VCC due to stuck port data_in ;
; static_data_mem[3][6]                   ; Stuck at VCC due to stuck port data_in ;
; static_data_mem[3][7]                   ; Stuck at GND due to stuck port data_in ;
; static_data_mem[2][0]                   ; Stuck at VCC due to stuck port data_in ;
; static_data_mem[2][1]                   ; Stuck at GND due to stuck port data_in ;
; static_data_mem[2][2]                   ; Stuck at VCC due to stuck port data_in ;
; static_data_mem[2][3]                   ; Stuck at VCC due to stuck port data_in ;
; static_data_mem[2][4]                   ; Stuck at GND due to stuck port data_in ;
; static_data_mem[2][5]                   ; Stuck at VCC due to stuck port data_in ;
; static_data_mem[2][6]                   ; Stuck at VCC due to stuck port data_in ;
; static_data_mem[2][7]                   ; Stuck at GND due to stuck port data_in ;
; static_data_mem[1][0]                   ; Stuck at VCC due to stuck port data_in ;
; static_data_mem[1][1]                   ; Stuck at GND due to stuck port data_in ;
; static_data_mem[1][2]                   ; Stuck at VCC due to stuck port data_in ;
; static_data_mem[1][3]                   ; Stuck at GND due to stuck port data_in ;
; static_data_mem[1][4]                   ; Stuck at GND due to stuck port data_in ;
; static_data_mem[1][5]                   ; Stuck at VCC due to stuck port data_in ;
; static_data_mem[1][6]                   ; Stuck at VCC due to stuck port data_in ;
; static_data_mem[1][7]                   ; Stuck at GND due to stuck port data_in ;
; static_data_mem[0][0]                   ; Stuck at GND due to stuck port data_in ;
; static_data_mem[0][1]                   ; Stuck at GND due to stuck port data_in ;
; static_data_mem[0][2]                   ; Stuck at VCC due to stuck port data_in ;
; static_data_mem[0][3]                   ; Stuck at GND due to stuck port data_in ;
; static_data_mem[0][4]                   ; Stuck at VCC due to stuck port data_in ;
; static_data_mem[0][5]                   ; Stuck at GND due to stuck port data_in ;
; static_data_mem[0][6]                   ; Stuck at VCC due to stuck port data_in ;
; static_data_mem[0][7]                   ; Stuck at GND due to stuck port data_in ;
; rw~reg0                                 ; Stuck at GND due to stuck port data_in ;
; hum_uni[4..7]                           ; Stuck at GND due to stuck port data_in ;
; hum_dec[7]                              ; Stuck at GND due to stuck port data_in ;
; temp_uni[4..7]                          ; Stuck at GND due to stuck port data_in ;
; temp_dec[7]                             ; Stuck at GND due to stuck port data_in ;
; fsm_state~2                             ; Lost fanout                            ;
; fsm_state~3                             ; Lost fanout                            ;
; fsm_state~4                             ; Lost fanout                            ;
; fsm_state~5                             ; Lost fanout                            ;
; hum_cent[2]                             ; Stuck at GND due to stuck port data_in ;
; temp_cent[2]                            ; Stuck at GND due to stuck port data_in ;
; hum_cent[3]                             ; Stuck at GND due to stuck port data_in ;
; temp_cent[3]                            ; Stuck at GND due to stuck port data_in ;
; hum_dec[4]                              ; Stuck at GND due to stuck port data_in ;
; hum_cent[4..7]                          ; Stuck at GND due to stuck port data_in ;
; temp_dec[4]                             ; Stuck at GND due to stuck port data_in ;
; temp_cent[4..7]                         ; Stuck at GND due to stuck port data_in ;
; hum_dec[5]                              ; Stuck at GND due to stuck port data_in ;
; temp_dec[5]                             ; Stuck at GND due to stuck port data_in ;
; hum_dec[6]                              ; Stuck at GND due to stuck port data_in ;
; temp_dec[6]                             ; Stuck at GND due to stuck port data_in ;
; Total Number of Removed Registers = 289 ;                                        ;
+-----------------------------------------+----------------------------------------+


+------------------------------------------------------+
; General Register Statistics                          ;
+----------------------------------------------+-------+
; Statistic                                    ; Value ;
+----------------------------------------------+-------+
; Total registers                              ; 71    ;
; Number of registers using Synchronous Clear  ; 16    ;
; Number of registers using Synchronous Load   ; 0     ;
; Number of registers using Asynchronous Clear ; 0     ;
; Number of registers using Asynchronous Load  ; 0     ;
; Number of registers using Clock Enable       ; 26    ;
; Number of registers using Preset             ; 0     ;
+----------------------------------------------+-------+


+---------------------------------------------------------------------------------------------------------------------------------------------------+
; Multiplexer Restructuring Statistics (Restructuring Performed)                                                                                    ;
+--------------------+-----------+---------------+----------------------+------------------------+------------+-------------------------------------+
; Multiplexer Inputs ; Bus Width ; Baseline Area ; Area if Restructured ; Saving if Restructured ; Registered ; Example Multiplexer Output          ;
+--------------------+-----------+---------------+----------------------+------------------------+------------+-------------------------------------+
; 5:1                ; 5 bits    ; 15 LEs        ; 5 LEs                ; 10 LEs                 ; Yes        ; |LCD1602_controller|data_counter[0] ;
; 13:1               ; 2 bits    ; 16 LEs        ; 16 LEs               ; 0 LEs                  ; Yes        ; |LCD1602_controller|data[5]~reg0    ;
; 14:1               ; 2 bits    ; 18 LEs        ; 18 LEs               ; 0 LEs                  ; Yes        ; |LCD1602_controller|data[3]~reg0    ;
+--------------------+-----------+---------------+----------------------+------------------------+------------+-------------------------------------+


+------------------------------------------------------------------------------------+
; Parameter Settings for User Entity Instance: Top-level Entity: |LCD1602_controller ;
+------------------+--------+--------------------------------------------------------+
; Parameter Name   ; Value  ; Type                                                   ;
+------------------+--------+--------------------------------------------------------+
; NUM_COMMANDS     ; 4      ; Signed Integer                                         ;
; NUM_DATA_ALL     ; 32     ; Signed Integer                                         ;
; NUM_DATA_PERLINE ; 16     ; Signed Integer                                         ;
; DATA_BITS        ; 8      ; Signed Integer                                         ;
; COUNT_MAX        ; 800000 ; Signed Integer                                         ;
+------------------+--------+--------------------------------------------------------+
Note: In order to hide this table in the UI and the text report file, please set the "Show Parameter Settings in Synthesis Report" option in "Analysis and Synthesis Settings -> More Settings" to "Off".


+------------------------------------------------------------------+
; Parameter Settings for Inferred Entity Instance: lpm_divide:Mod3 ;
+------------------------+----------------+------------------------+
; Parameter Name         ; Value          ; Type                   ;
+------------------------+----------------+------------------------+
; LPM_WIDTHN             ; 8              ; Untyped                ;
; LPM_WIDTHD             ; 4              ; Untyped                ;
; LPM_NREPRESENTATION    ; UNSIGNED       ; Untyped                ;
; LPM_DREPRESENTATION    ; UNSIGNED       ; Untyped                ;
; LPM_PIPELINE           ; 0              ; Untyped                ;
; LPM_REMAINDERPOSITIVE  ; TRUE           ; Untyped                ;
; MAXIMIZE_SPEED         ; 5              ; Untyped                ;
; CBXI_PARAMETER         ; lpm_divide_m9m ; Untyped                ;
; CARRY_CHAIN            ; MANUAL         ; Untyped                ;
; OPTIMIZE_FOR_SPEED     ; 5              ; Untyped                ;
; AUTO_CARRY_CHAINS      ; ON             ; AUTO_CARRY             ;
; IGNORE_CARRY_BUFFERS   ; OFF            ; IGNORE_CARRY           ;
; AUTO_CASCADE_CHAINS    ; ON             ; AUTO_CASCADE           ;
; IGNORE_CASCADE_BUFFERS ; OFF            ; IGNORE_CASCADE         ;
+------------------------+----------------+------------------------+
Note: In order to hide this table in the UI and the text report file, please set the "Show Parameter Settings in Synthesis Report" option in "Analysis and Synthesis Settings -> More Settings" to "Off".


+------------------------------------------------------------------+
; Parameter Settings for Inferred Entity Instance: lpm_divide:Mod2 ;
+------------------------+----------------+------------------------+
; Parameter Name         ; Value          ; Type                   ;
+------------------------+----------------+------------------------+
; LPM_WIDTHN             ; 8              ; Untyped                ;
; LPM_WIDTHD             ; 7              ; Untyped                ;
; LPM_NREPRESENTATION    ; UNSIGNED       ; Untyped                ;
; LPM_DREPRESENTATION    ; UNSIGNED       ; Untyped                ;
; LPM_PIPELINE           ; 0              ; Untyped                ;
; LPM_REMAINDERPOSITIVE  ; TRUE           ; Untyped                ;
; MAXIMIZE_SPEED         ; 5              ; Untyped                ;
; CBXI_PARAMETER         ; lpm_divide_p9m ; Untyped                ;
; CARRY_CHAIN            ; MANUAL         ; Untyped                ;
; OPTIMIZE_FOR_SPEED     ; 5              ; Untyped                ;
; AUTO_CARRY_CHAINS      ; ON             ; AUTO_CARRY             ;
; IGNORE_CARRY_BUFFERS   ; OFF            ; IGNORE_CARRY           ;
; AUTO_CASCADE_CHAINS    ; ON             ; AUTO_CASCADE           ;
; IGNORE_CASCADE_BUFFERS ; OFF            ; IGNORE_CASCADE         ;
+------------------------+----------------+------------------------+
Note: In order to hide this table in the UI and the text report file, please set the "Show Parameter Settings in Synthesis Report" option in "Analysis and Synthesis Settings -> More Settings" to "Off".


+------------------------------------------------------------------+
; Parameter Settings for Inferred Entity Instance: lpm_divide:Div3 ;
+------------------------+----------------+------------------------+
; Parameter Name         ; Value          ; Type                   ;
+------------------------+----------------+------------------------+
; LPM_WIDTHN             ; 7              ; Untyped                ;
; LPM_WIDTHD             ; 4              ; Untyped                ;
; LPM_NREPRESENTATION    ; UNSIGNED       ; Untyped                ;
; LPM_DREPRESENTATION    ; UNSIGNED       ; Untyped                ;
; LPM_PIPELINE           ; 0              ; Untyped                ;
; LPM_REMAINDERPOSITIVE  ; TRUE           ; Untyped                ;
; MAXIMIZE_SPEED         ; 5              ; Untyped                ;
; CBXI_PARAMETER         ; lpm_divide_ihm ; Untyped                ;
; CARRY_CHAIN            ; MANUAL         ; Untyped                ;
; OPTIMIZE_FOR_SPEED     ; 5              ; Untyped                ;
; AUTO_CARRY_CHAINS      ; ON             ; AUTO_CARRY             ;
; IGNORE_CARRY_BUFFERS   ; OFF            ; IGNORE_CARRY           ;
; AUTO_CASCADE_CHAINS    ; ON             ; AUTO_CASCADE           ;
; IGNORE_CASCADE_BUFFERS ; OFF            ; IGNORE_CASCADE         ;
+------------------------+----------------+------------------------+
Note: In order to hide this table in the UI and the text report file, please set the "Show Parameter Settings in Synthesis Report" option in "Analysis and Synthesis Settings -> More Settings" to "Off".


+------------------------------------------------------------------+
; Parameter Settings for Inferred Entity Instance: lpm_divide:Div2 ;
+------------------------+----------------+------------------------+
; Parameter Name         ; Value          ; Type                   ;
+------------------------+----------------+------------------------+
; LPM_WIDTHN             ; 8              ; Untyped                ;
; LPM_WIDTHD             ; 7              ; Untyped                ;
; LPM_NREPRESENTATION    ; UNSIGNED       ; Untyped                ;
; LPM_DREPRESENTATION    ; UNSIGNED       ; Untyped                ;
; LPM_PIPELINE           ; 0              ; Untyped                ;
; LPM_REMAINDERPOSITIVE  ; TRUE           ; Untyped                ;
; MAXIMIZE_SPEED         ; 5              ; Untyped                ;
; CBXI_PARAMETER         ; lpm_divide_mhm ; Untyped                ;
; CARRY_CHAIN            ; MANUAL         ; Untyped                ;
; OPTIMIZE_FOR_SPEED     ; 5              ; Untyped                ;
; AUTO_CARRY_CHAINS      ; ON             ; AUTO_CARRY             ;
; IGNORE_CARRY_BUFFERS   ; OFF            ; IGNORE_CARRY           ;
; AUTO_CASCADE_CHAINS    ; ON             ; AUTO_CASCADE           ;
; IGNORE_CASCADE_BUFFERS ; OFF            ; IGNORE_CASCADE         ;
+------------------------+----------------+------------------------+
Note: In order to hide this table in the UI and the text report file, please set the "Show Parameter Settings in Synthesis Report" option in "Analysis and Synthesis Settings -> More Settings" to "Off".


+------------------------------------------------------------------+
; Parameter Settings for Inferred Entity Instance: lpm_divide:Mod1 ;
+------------------------+----------------+------------------------+
; Parameter Name         ; Value          ; Type                   ;
+------------------------+----------------+------------------------+
; LPM_WIDTHN             ; 8              ; Untyped                ;
; LPM_WIDTHD             ; 4              ; Untyped                ;
; LPM_NREPRESENTATION    ; UNSIGNED       ; Untyped                ;
; LPM_DREPRESENTATION    ; UNSIGNED       ; Untyped                ;
; LPM_PIPELINE           ; 0              ; Untyped                ;
; LPM_REMAINDERPOSITIVE  ; TRUE           ; Untyped                ;
; MAXIMIZE_SPEED         ; 5              ; Untyped                ;
; CBXI_PARAMETER         ; lpm_divide_m9m ; Untyped                ;
; CARRY_CHAIN            ; MANUAL         ; Untyped                ;
; OPTIMIZE_FOR_SPEED     ; 5              ; Untyped                ;
; AUTO_CARRY_CHAINS      ; ON             ; AUTO_CARRY             ;
; IGNORE_CARRY_BUFFERS   ; OFF            ; IGNORE_CARRY           ;
; AUTO_CASCADE_CHAINS    ; ON             ; AUTO_CASCADE           ;
; IGNORE_CASCADE_BUFFERS ; OFF            ; IGNORE_CASCADE         ;
+------------------------+----------------+------------------------+
Note: In order to hide this table in the UI and the text report file, please set the "Show Parameter Settings in Synthesis Report" option in "Analysis and Synthesis Settings -> More Settings" to "Off".


+------------------------------------------------------------------+
; Parameter Settings for Inferred Entity Instance: lpm_divide:Mod0 ;
+------------------------+----------------+------------------------+
; Parameter Name         ; Value          ; Type                   ;
+------------------------+----------------+------------------------+
; LPM_WIDTHN             ; 8              ; Untyped                ;
; LPM_WIDTHD             ; 7              ; Untyped                ;
; LPM_NREPRESENTATION    ; UNSIGNED       ; Untyped                ;
; LPM_DREPRESENTATION    ; UNSIGNED       ; Untyped                ;
; LPM_PIPELINE           ; 0              ; Untyped                ;
; LPM_REMAINDERPOSITIVE  ; TRUE           ; Untyped                ;
; MAXIMIZE_SPEED         ; 5              ; Untyped                ;
; CBXI_PARAMETER         ; lpm_divide_p9m ; Untyped                ;
; CARRY_CHAIN            ; MANUAL         ; Untyped                ;
; OPTIMIZE_FOR_SPEED     ; 5              ; Untyped                ;
; AUTO_CARRY_CHAINS      ; ON             ; AUTO_CARRY             ;
; IGNORE_CARRY_BUFFERS   ; OFF            ; IGNORE_CARRY           ;
; AUTO_CASCADE_CHAINS    ; ON             ; AUTO_CASCADE           ;
; IGNORE_CASCADE_BUFFERS ; OFF            ; IGNORE_CASCADE         ;
+------------------------+----------------+------------------------+
Note: In order to hide this table in the UI and the text report file, please set the "Show Parameter Settings in Synthesis Report" option in "Analysis and Synthesis Settings -> More Settings" to "Off".


+------------------------------------------------------------------+
; Parameter Settings for Inferred Entity Instance: lpm_divide:Div1 ;
+------------------------+----------------+------------------------+
; Parameter Name         ; Value          ; Type                   ;
+------------------------+----------------+------------------------+
; LPM_WIDTHN             ; 7              ; Untyped                ;
; LPM_WIDTHD             ; 4              ; Untyped                ;
; LPM_NREPRESENTATION    ; UNSIGNED       ; Untyped                ;
; LPM_DREPRESENTATION    ; UNSIGNED       ; Untyped                ;
; LPM_PIPELINE           ; 0              ; Untyped                ;
; LPM_REMAINDERPOSITIVE  ; TRUE           ; Untyped                ;
; MAXIMIZE_SPEED         ; 5              ; Untyped                ;
; CBXI_PARAMETER         ; lpm_divide_ihm ; Untyped                ;
; CARRY_CHAIN            ; MANUAL         ; Untyped                ;
; OPTIMIZE_FOR_SPEED     ; 5              ; Untyped                ;
; AUTO_CARRY_CHAINS      ; ON             ; AUTO_CARRY             ;
; IGNORE_CARRY_BUFFERS   ; OFF            ; IGNORE_CARRY           ;
; AUTO_CASCADE_CHAINS    ; ON             ; AUTO_CASCADE           ;
; IGNORE_CASCADE_BUFFERS ; OFF            ; IGNORE_CASCADE         ;
+------------------------+----------------+------------------------+
Note: In order to hide this table in the UI and the text report file, please set the "Show Parameter Settings in Synthesis Report" option in "Analysis and Synthesis Settings -> More Settings" to "Off".


+------------------------------------------------------------------+
; Parameter Settings for Inferred Entity Instance: lpm_divide:Div0 ;
+------------------------+----------------+------------------------+
; Parameter Name         ; Value          ; Type                   ;
+------------------------+----------------+------------------------+
; LPM_WIDTHN             ; 8              ; Untyped                ;
; LPM_WIDTHD             ; 7              ; Untyped                ;
; LPM_NREPRESENTATION    ; UNSIGNED       ; Untyped                ;
; LPM_DREPRESENTATION    ; UNSIGNED       ; Untyped                ;
; LPM_PIPELINE           ; 0              ; Untyped                ;
; LPM_REMAINDERPOSITIVE  ; TRUE           ; Untyped                ;
; MAXIMIZE_SPEED         ; 5              ; Untyped                ;
; CBXI_PARAMETER         ; lpm_divide_mhm ; Untyped                ;
; CARRY_CHAIN            ; MANUAL         ; Untyped                ;
; OPTIMIZE_FOR_SPEED     ; 5              ; Untyped                ;
; AUTO_CARRY_CHAINS      ; ON             ; AUTO_CARRY             ;
; IGNORE_CARRY_BUFFERS   ; OFF            ; IGNORE_CARRY           ;
; AUTO_CASCADE_CHAINS    ; ON             ; AUTO_CASCADE           ;
; IGNORE_CASCADE_BUFFERS ; OFF            ; IGNORE_CASCADE         ;
+------------------------+----------------+------------------------+
Note: In order to hide this table in the UI and the text report file, please set the "Show Parameter Settings in Synthesis Report" option in "Analysis and Synthesis Settings -> More Settings" to "Off".


+-----------------------------------------------------+
; Post-Synthesis Netlist Statistics for Top Partition ;
+-----------------------+-----------------------------+
; Type                  ; Count                       ;
+-----------------------+-----------------------------+
; boundary_port         ; 30                          ;
; cycloneiii_ff         ; 71                          ;
;     ENA               ; 21                          ;
;     ENA SCLR          ; 5                           ;
;     SCLR              ; 11                          ;
;     plain             ; 34                          ;
; cycloneiii_lcell_comb ; 476                         ;
;     arith             ; 135                         ;
;         2 data inputs ; 49                          ;
;         3 data inputs ; 86                          ;
;     normal            ; 341                         ;
;         0 data inputs ; 27                          ;
;         1 data inputs ; 10                          ;
;         2 data inputs ; 167                         ;
;         3 data inputs ; 20                          ;
;         4 data inputs ; 117                         ;
;                       ;                             ;
; Max LUT depth         ; 13.60                       ;
; Average LUT depth     ; 8.44                        ;
+-----------------------+-----------------------------+


+-------------------------------+
; Elapsed Time Per Partition    ;
+----------------+--------------+
; Partition Name ; Elapsed Time ;
+----------------+--------------+
; Top            ; 00:00:01     ;
+----------------+--------------+


+-------------------------------+
; Analysis & Synthesis Messages ;
+-------------------------------+
Info: *******************************************************************
Info: Running Quartus Prime Analysis & Synthesis
    Info: Version 24.1std.0 Build 1077 03/04/2025 SC Lite Edition
    Info: Processing started: Mon Jul 21 16:27:18 2025
Info: Command: quartus_map --read_settings_files=on --write_settings_files=off lcd1602_text -c lcd1602_text
Warning (18236): Number of processors has not been specified which may cause overloading on shared machines.  Set the global assignment NUM_PARALLEL_PROCESSORS in your QSF to an appropriate value for best performance.
Info (20030): Parallel compilation is enabled and will use 2 of the 2 processors detected
Info (12021): Found 1 design units, including 1 entities, in source file src/lcd1602_text.v
    Info (12023): Found entity 1: LCD1602_controller File: /home/rustam/github-classroom/digital-electronics-UNAL/lab04-lcd-2025-i-g6-e1/src/lcd1602_text.v Line: 1
Info (12127): Elaborating entity "LCD1602_controller" for the top level hierarchy
Warning (10036): Verilog HDL or VHDL warning at lcd1602_text.v(35): object "flag" assigned a value but never read File: /home/rustam/github-classroom/digital-electronics-UNAL/lab04-lcd-2025-i-g6-e1/src/lcd1602_text.v Line: 35
Warning (10230): Verilog HDL assignment warning at lcd1602_text.v(91): truncated value with size 32 to match size of target (20) File: /home/rustam/github-classroom/digital-electronics-UNAL/lab04-lcd-2025-i-g6-e1/src/lcd1602_text.v Line: 91
Warning (10230): Verilog HDL assignment warning at lcd1602_text.v(108): truncated value with size 32 to match size of target (8) File: /home/rustam/github-classroom/digital-electronics-UNAL/lab04-lcd-2025-i-g6-e1/src/lcd1602_text.v Line: 108
Warning (10230): Verilog HDL assignment warning at lcd1602_text.v(109): truncated value with size 32 to match size of target (8) File: /home/rustam/github-classroom/digital-electronics-UNAL/lab04-lcd-2025-i-g6-e1/src/lcd1602_text.v Line: 109
Warning (10230): Verilog HDL assignment warning at lcd1602_text.v(110): truncated value with size 32 to match size of target (8) File: /home/rustam/github-classroom/digital-electronics-UNAL/lab04-lcd-2025-i-g6-e1/src/lcd1602_text.v Line: 110
Warning (10230): Verilog HDL assignment warning at lcd1602_text.v(113): truncated value with size 32 to match size of target (8) File: /home/rustam/github-classroom/digital-electronics-UNAL/lab04-lcd-2025-i-g6-e1/src/lcd1602_text.v Line: 113
Warning (10230): Verilog HDL assignment warning at lcd1602_text.v(114): truncated value with size 32 to match size of target (8) File: /home/rustam/github-classroom/digital-electronics-UNAL/lab04-lcd-2025-i-g6-e1/src/lcd1602_text.v Line: 114
Warning (10230): Verilog HDL assignment warning at lcd1602_text.v(115): truncated value with size 32 to match size of target (8) File: /home/rustam/github-classroom/digital-electronics-UNAL/lab04-lcd-2025-i-g6-e1/src/lcd1602_text.v Line: 115
Warning (10230): Verilog HDL assignment warning at lcd1602_text.v(186): truncated value with size 32 to match size of target (3) File: /home/rustam/github-classroom/digital-electronics-UNAL/lab04-lcd-2025-i-g6-e1/src/lcd1602_text.v Line: 186
Warning (10230): Verilog HDL assignment warning at lcd1602_text.v(190): truncated value with size 32 to match size of target (5) File: /home/rustam/github-classroom/digital-electronics-UNAL/lab04-lcd-2025-i-g6-e1/src/lcd1602_text.v Line: 190
Warning (10230): Verilog HDL assignment warning at lcd1602_text.v(200): truncated value with size 32 to match size of target (5) File: /home/rustam/github-classroom/digital-electronics-UNAL/lab04-lcd-2025-i-g6-e1/src/lcd1602_text.v Line: 200
Warning (10230): Verilog HDL assignment warning at lcd1602_text.v(207): truncated value with size 32 to match size of target (8) File: /home/rustam/github-classroom/digital-electronics-UNAL/lab04-lcd-2025-i-g6-e1/src/lcd1602_text.v Line: 207
Warning (10230): Verilog HDL assignment warning at lcd1602_text.v(225): truncated value with size 32 to match size of target (8) File: /home/rustam/github-classroom/digital-electronics-UNAL/lab04-lcd-2025-i-g6-e1/src/lcd1602_text.v Line: 225
Warning (10030): Net "config_mem.data_a" at lcd1602_text.v(55) has no driver or initial value, using a default initial value '0' File: /home/rustam/github-classroom/digital-electronics-UNAL/lab04-lcd-2025-i-g6-e1/src/lcd1602_text.v Line: 55
Warning (10030): Net "config_mem.waddr_a" at lcd1602_text.v(55) has no driver or initial value, using a default initial value '0' File: /home/rustam/github-classroom/digital-electronics-UNAL/lab04-lcd-2025-i-g6-e1/src/lcd1602_text.v Line: 55
Warning (10030): Net "config_mem.we_a" at lcd1602_text.v(55) has no driver or initial value, using a default initial value '0' File: /home/rustam/github-classroom/digital-electronics-UNAL/lab04-lcd-2025-i-g6-e1/src/lcd1602_text.v Line: 55
Info (276014): Found 1 instances of uninferred RAM logic
    Info (276004): RAM logic "config_mem" is uninferred due to inappropriate RAM size File: /home/rustam/github-classroom/digital-electronics-UNAL/lab04-lcd-2025-i-g6-e1/src/lcd1602_text.v Line: 55
Info (278001): Inferred 8 megafunctions from design logic
    Info (278004): Inferred divider/modulo megafunction ("lpm_divide") from the following logic: "Mod3" File: /home/rustam/github-classroom/digital-electronics-UNAL/lab04-lcd-2025-i-g6-e1/src/lcd1602_text.v Line: 115
    Info (278004): Inferred divider/modulo megafunction ("lpm_divide") from the following logic: "Mod2" File: /home/rustam/github-classroom/digital-electronics-UNAL/lab04-lcd-2025-i-g6-e1/src/lcd1602_text.v Line: 114
    Info (278004): Inferred divider/modulo megafunction ("lpm_divide") from the following logic: "Div3" File: /home/rustam/github-classroom/digital-electronics-UNAL/lab04-lcd-2025-i-g6-e1/src/lcd1602_text.v Line: 114
    Info (278004): Inferred divider/modulo megafunction ("lpm_divide") from the following logic: "Div2" File: /home/rustam/github-classroom/digital-electronics-UNAL/lab04-lcd-2025-i-g6-e1/src/lcd1602_text.v Line: 113
    Info (278004): Inferred divider/modulo megafunction ("lpm_divide") from the following logic: "Mod1" File: /home/rustam/github-classroom/digital-electronics-UNAL/lab04-lcd-2025-i-g6-e1/src/lcd1602_text.v Line: 110
    Info (278004): Inferred divider/modulo megafunction ("lpm_divide") from the following logic: "Mod0" File: /home/rustam/github-classroom/digital-electronics-UNAL/lab04-lcd-2025-i-g6-e1/src/lcd1602_text.v Line: 109
    Info (278004): Inferred divider/modulo megafunction ("lpm_divide") from the following logic: "Div1" File: /home/rustam/github-classroom/digital-electronics-UNAL/lab04-lcd-2025-i-g6-e1/src/lcd1602_text.v Line: 109
    Info (278004): Inferred divider/modulo megafunction ("lpm_divide") from the following logic: "Div0" File: /home/rustam/github-classroom/digital-electronics-UNAL/lab04-lcd-2025-i-g6-e1/src/lcd1602_text.v Line: 108
Info (12130): Elaborated megafunction instantiation "lpm_divide:Mod3" File: /home/rustam/github-classroom/digital-electronics-UNAL/lab04-lcd-2025-i-g6-e1/src/lcd1602_text.v Line: 115
Info (12133): Instantiated megafunction "lpm_divide:Mod3" with the following parameter: File: /home/rustam/github-classroom/digital-electronics-UNAL/lab04-lcd-2025-i-g6-e1/src/lcd1602_text.v Line: 115
    Info (12134): Parameter "LPM_WIDTHN" = "8"
    Info (12134): Parameter "LPM_WIDTHD" = "4"
    Info (12134): Parameter "LPM_NREPRESENTATION" = "UNSIGNED"
    Info (12134): Parameter "LPM_DREPRESENTATION" = "UNSIGNED"
Info (12021): Found 1 design units, including 1 entities, in source file db/lpm_divide_m9m.tdf
    Info (12023): Found entity 1: lpm_divide_m9m File: /home/rustam/github-classroom/digital-electronics-UNAL/lab04-lcd-2025-i-g6-e1/db/lpm_divide_m9m.tdf Line: 25
Info (12021): Found 1 design units, including 1 entities, in source file db/sign_div_unsign_bkh.tdf
    Info (12023): Found entity 1: sign_div_unsign_bkh File: /home/rustam/github-classroom/digital-electronics-UNAL/lab04-lcd-2025-i-g6-e1/db/sign_div_unsign_bkh.tdf Line: 25
Info (12021): Found 1 design units, including 1 entities, in source file db/alt_u_div_a4f.tdf
    Info (12023): Found entity 1: alt_u_div_a4f File: /home/rustam/github-classroom/digital-electronics-UNAL/lab04-lcd-2025-i-g6-e1/db/alt_u_div_a4f.tdf Line: 27
Info (12021): Found 1 design units, including 1 entities, in source file db/add_sub_7pc.tdf
    Info (12023): Found entity 1: add_sub_7pc File: /home/rustam/github-classroom/digital-electronics-UNAL/lab04-lcd-2025-i-g6-e1/db/add_sub_7pc.tdf Line: 23
Info (12021): Found 1 design units, including 1 entities, in source file db/add_sub_8pc.tdf
    Info (12023): Found entity 1: add_sub_8pc File: /home/rustam/github-classroom/digital-electronics-UNAL/lab04-lcd-2025-i-g6-e1/db/add_sub_8pc.tdf Line: 23
Info (12130): Elaborated megafunction instantiation "lpm_divide:Mod2" File: /home/rustam/github-classroom/digital-electronics-UNAL/lab04-lcd-2025-i-g6-e1/src/lcd1602_text.v Line: 114
Info (12133): Instantiated megafunction "lpm_divide:Mod2" with the following parameter: File: /home/rustam/github-classroom/digital-electronics-UNAL/lab04-lcd-2025-i-g6-e1/src/lcd1602_text.v Line: 114
    Info (12134): Parameter "LPM_WIDTHN" = "8"
    Info (12134): Parameter "LPM_WIDTHD" = "7"
    Info (12134): Parameter "LPM_NREPRESENTATION" = "UNSIGNED"
    Info (12134): Parameter "LPM_DREPRESENTATION" = "UNSIGNED"
Info (12021): Found 1 design units, including 1 entities, in source file db/lpm_divide_p9m.tdf
    Info (12023): Found entity 1: lpm_divide_p9m File: /home/rustam/github-classroom/digital-electronics-UNAL/lab04-lcd-2025-i-g6-e1/db/lpm_divide_p9m.tdf Line: 25
Info (12021): Found 1 design units, including 1 entities, in source file db/sign_div_unsign_ekh.tdf
    Info (12023): Found entity 1: sign_div_unsign_ekh File: /home/rustam/github-classroom/digital-electronics-UNAL/lab04-lcd-2025-i-g6-e1/db/sign_div_unsign_ekh.tdf Line: 25
Info (12021): Found 1 design units, including 1 entities, in source file db/alt_u_div_g4f.tdf
    Info (12023): Found entity 1: alt_u_div_g4f File: /home/rustam/github-classroom/digital-electronics-UNAL/lab04-lcd-2025-i-g6-e1/db/alt_u_div_g4f.tdf Line: 27
Info (12130): Elaborated megafunction instantiation "lpm_divide:Div3" File: /home/rustam/github-classroom/digital-electronics-UNAL/lab04-lcd-2025-i-g6-e1/src/lcd1602_text.v Line: 114
Info (12133): Instantiated megafunction "lpm_divide:Div3" with the following parameter: File: /home/rustam/github-classroom/digital-electronics-UNAL/lab04-lcd-2025-i-g6-e1/src/lcd1602_text.v Line: 114
    Info (12134): Parameter "LPM_WIDTHN" = "7"
    Info (12134): Parameter "LPM_WIDTHD" = "4"
    Info (12134): Parameter "LPM_NREPRESENTATION" = "UNSIGNED"
    Info (12134): Parameter "LPM_DREPRESENTATION" = "UNSIGNED"
Info (12021): Found 1 design units, including 1 entities, in source file db/lpm_divide_ihm.tdf
    Info (12023): Found entity 1: lpm_divide_ihm File: /home/rustam/github-classroom/digital-electronics-UNAL/lab04-lcd-2025-i-g6-e1/db/lpm_divide_ihm.tdf Line: 25
Info (12021): Found 1 design units, including 1 entities, in source file db/sign_div_unsign_akh.tdf
    Info (12023): Found entity 1: sign_div_unsign_akh File: /home/rustam/github-classroom/digital-electronics-UNAL/lab04-lcd-2025-i-g6-e1/db/sign_div_unsign_akh.tdf Line: 25
Info (12021): Found 1 design units, including 1 entities, in source file db/alt_u_div_84f.tdf
    Info (12023): Found entity 1: alt_u_div_84f File: /home/rustam/github-classroom/digital-electronics-UNAL/lab04-lcd-2025-i-g6-e1/db/alt_u_div_84f.tdf Line: 27
Info (12130): Elaborated megafunction instantiation "lpm_divide:Div2" File: /home/rustam/github-classroom/digital-electronics-UNAL/lab04-lcd-2025-i-g6-e1/src/lcd1602_text.v Line: 113
Info (12133): Instantiated megafunction "lpm_divide:Div2" with the following parameter: File: /home/rustam/github-classroom/digital-electronics-UNAL/lab04-lcd-2025-i-g6-e1/src/lcd1602_text.v Line: 113
    Info (12134): Parameter "LPM_WIDTHN" = "8"
    Info (12134): Parameter "LPM_WIDTHD" = "7"
    Info (12134): Parameter "LPM_NREPRESENTATION" = "UNSIGNED"
    Info (12134): Parameter "LPM_DREPRESENTATION" = "UNSIGNED"
Info (12021): Found 1 design units, including 1 entities, in source file db/lpm_divide_mhm.tdf
    Info (12023): Found entity 1: lpm_divide_mhm File: /home/rustam/github-classroom/digital-electronics-UNAL/lab04-lcd-2025-i-g6-e1/db/lpm_divide_mhm.tdf Line: 25
Warning (13024): Output pins are stuck at VCC or GND
    Warning (13410): Pin "rw" is stuck at GND File: /home/rustam/github-classroom/digital-electronics-UNAL/lab04-lcd-2025-i-g6-e1/src/lcd1602_text.v Line: 12
Info (286030): Timing-Driven Synthesis is running
Info (17049): 4 registers lost all their fanouts during netlist optimizations.
Info (16010): Generating hard_block partition "hard_block:auto_generated_inst"
    Info (16011): Adding 0 node(s), including 0 DDIO, 0 PLL, 0 transceiver and 0 LCELL
Info (21057): Implemented 508 device resources after synthesis - the final resource count might be different
    Info (21058): Implemented 19 input pins
    Info (21059): Implemented 11 output pins
    Info (21061): Implemented 478 logic cells
Info: Quartus Prime Analysis & Synthesis was successful. 0 errors, 19 warnings
    Info: Peak virtual memory: 387 megabytes
    Info: Processing ended: Mon Jul 21 16:27:32 2025
    Info: Elapsed time: 00:00:14
    Info: Total CPU time (on all processors): 00:00:31


